2020-08-24 12:36:07,781 test
2020-08-24 12:36:07,782 The file was deleted
2020-08-24 12:36:07,784 Assignment Group
2020-08-24 12:36:07,785 16
2020-08-24 12:36:07,785 
2020-08-24 12:36:07,785 Free Text Field
2020-08-24 12:36:07,785 15
2020-08-24 12:36:07,785 
2020-08-24 12:36:07,786 Done
2020-08-24 12:36:07,786 4
2020-08-24 12:36:07,786 
2020-08-24 12:36:07,786 REQUEST
2020-08-24 12:36:07,786 7
2020-08-24 12:36:07,787 
2020-08-24 12:36:07,787 RITM
2020-08-24 12:36:07,787 4
2020-08-24 12:36:07,787 
2020-08-24 12:36:07,787 TASK
2020-08-24 12:36:07,788 4
2020-08-24 12:36:07,788 
2020-08-24 12:36:07,788 DATE
2020-08-24 12:36:07,788 4
2020-08-24 12:36:07,788 
2020-08-24 12:36:07,789 GROUP
2020-08-24 12:36:07,789 5
2020-08-24 12:36:07,789 
2020-08-24 12:36:07,789 <Cell 'TO_SERVICE-NOW'.A1>
2020-08-24 12:36:07,789 str
2020-08-24 12:36:07,789 16
2020-08-24 12:36:07,790 encontro uno mas grande
2020-08-24 12:36:07,790 el mas grande: 16
2020-08-24 12:36:07,790 <Cell 'TO_SERVICE-NOW'.A2>
2020-08-24 12:36:07,790 str
2020-08-24 12:36:07,791 10
2020-08-24 12:36:07,791 encontro uno mas chico
2020-08-24 12:36:07,791 Termino uno calumna --------------------------------------------
2020-08-24 12:36:07,791 <Cell 'TO_SERVICE-NOW'.B1>
2020-08-24 12:36:07,792 str
2020-08-24 12:36:07,808 15
2020-08-24 12:36:07,809 encontro uno mas grande
2020-08-24 12:36:07,809 el mas grande: 15
2020-08-24 12:36:07,809 <Cell 'TO_SERVICE-NOW'.B2>
2020-08-24 12:36:07,809 str
2020-08-24 12:36:07,809 25
2020-08-24 12:36:07,810 encontro uno mas grande
2020-08-24 12:36:07,810 el mas grande: 25
2020-08-24 12:36:07,810 Termino uno calumna --------------------------------------------
2020-08-24 12:36:07,810 <Cell 'TO_SERVICE-NOW'.C1>
2020-08-24 12:36:07,811 str
2020-08-24 12:36:07,811 4
2020-08-24 12:36:07,811 encontro uno mas grande
2020-08-24 12:36:07,811 el mas grande: 4
2020-08-24 12:36:07,811 <Cell 'TO_SERVICE-NOW'.C2>
2020-08-24 12:36:07,812 str
2020-08-24 12:36:07,812 8
2020-08-24 12:36:07,812 encontro uno mas grande
2020-08-24 12:36:07,812 el mas grande: 8
2020-08-24 12:36:07,812 Termino uno calumna --------------------------------------------
2020-08-24 12:36:07,812 <Cell 'TO_SERVICE-NOW'.D1>
2020-08-24 12:36:07,813 str
2020-08-24 12:36:07,813 7
2020-08-24 12:36:07,813 encontro uno mas grande
2020-08-24 12:36:07,813 el mas grande: 7
2020-08-24 12:36:07,813 <Cell 'TO_SERVICE-NOW'.D2>
2020-08-24 12:36:07,813 str
2020-08-24 12:36:07,814 10
2020-08-24 12:36:07,814 encontro uno mas grande
2020-08-24 12:36:07,814 el mas grande: 10
2020-08-24 12:36:07,814 Termino uno calumna --------------------------------------------
2020-08-24 12:36:07,814 <Cell 'TO_SERVICE-NOW'.E1>
2020-08-24 12:36:07,815 str
2020-08-24 12:36:07,815 4
2020-08-24 12:36:07,815 encontro uno mas grande
2020-08-24 12:36:07,815 el mas grande: 4
2020-08-24 12:36:07,815 <Cell 'TO_SERVICE-NOW'.E2>
2020-08-24 12:36:07,816 str
2020-08-24 12:36:07,817 11
2020-08-24 12:36:07,817 encontro uno mas grande
2020-08-24 12:36:07,817 el mas grande: 11
2020-08-24 12:36:07,818 Termino uno calumna --------------------------------------------
2020-08-24 12:36:07,818 <Cell 'TO_SERVICE-NOW'.F1>
2020-08-24 12:36:07,818 str
2020-08-24 12:36:07,818 4
2020-08-24 12:36:07,818 encontro uno mas grande
2020-08-24 12:36:07,819 el mas grande: 4
2020-08-24 12:36:07,819 <Cell 'TO_SERVICE-NOW'.F2>
2020-08-24 12:36:07,819 str
2020-08-24 12:36:07,819 13
2020-08-24 12:36:07,819 encontro uno mas grande
2020-08-24 12:36:07,819 el mas grande: 13
2020-08-24 12:36:07,820 Termino uno calumna --------------------------------------------
2020-08-24 12:36:07,820 <Cell 'TO_SERVICE-NOW'.G1>
2020-08-24 12:36:07,820 str
2020-08-24 12:36:07,820 4
2020-08-24 12:36:07,820 encontro uno mas grande
2020-08-24 12:36:07,821 el mas grande: 4
2020-08-24 12:36:07,821 <Cell 'TO_SERVICE-NOW'.G2>
2020-08-24 12:36:07,821 str
2020-08-24 12:36:07,821 18
2020-08-24 12:36:07,821 encontro uno mas grande
2020-08-24 12:36:07,822 el mas grande: 18
2020-08-24 12:36:07,822 Termino uno calumna --------------------------------------------
2020-08-24 12:36:07,822 <Cell 'TO_SERVICE-NOW'.H1>
2020-08-24 12:36:07,822 str
2020-08-24 12:36:07,823 5
2020-08-24 12:36:07,823 encontro uno mas grande
2020-08-24 12:36:07,823 el mas grande: 5
2020-08-24 12:36:07,823 <Cell 'TO_SERVICE-NOW'.H2>
2020-08-24 12:36:07,823 str
2020-08-24 12:36:07,824 28
2020-08-24 12:36:07,824 encontro uno mas grande
2020-08-24 12:36:07,824 el mas grande: 28
2020-08-24 12:36:07,824 Termino uno calumna --------------------------------------------
